---------------------------------------------------
M.U.G.E.N ver 1.1.0 Beta 1 P1 (2013.08.11) status log
---------------------------------------------------
Parsing command line...
Command line: C:\Users\mvictor\Documents\pussy-fighter\mugen.exe
Parse command line OK
Initializing...
Allocating game variables
Reading configuration file...Setting language "en".
OK
Initializing timer...performance timer enabled...frequency 2353525...OK
Initializing keyboard...configuring...OK
Initializing input engine...OK
Initializing sound...OK
Initializing BGM...  OK
Initializing graphics...gameCoord 1024x768...render mode 0_0...trying 1024x768x16 mode 0x0...success...OK
Setting callbacks...OK
Initializing font...OK
Initializing game variables...OK
Session RNG seed is 1668433030
Loading system fonts...OK
Loading options...
Initializing pads...OK
Reinitializing input engine...OK
Remapping keys...OK
Reinitializing input engine...OK
Options loaded OK
Loading system...
  Load system file system.def...OK
  Load system spr...OK
  Load system snd...OK
  Load system fonts...OK
  Load system anim...OK
  Load [Title Info]...OK
  Load [Option Info]...OK
  Load [Select Info]...OK
  Load [VS Screen]...OK
  Load [Victory Screen]...OK
  Load [Demo Mode]...OK
  Load [Continue Screen]...OK
  Load [Game Over Screen]...OK
  Load [Win Screen]...OK
  Load [Survival Results Screen]...OK
  Load [Default Ending]...OK
  Load [End Credits]...OK
  Load TitleBG...VersusBG...VictoryBG...SelectBG...OptionBG...OK
  Loading fight data
    Opening fight data file data/mugen1/fight.def...OK
    Reading [Files]...OK
    Loading fonts...OK
    Load fight anim...OK
    Reading [Lifebar]...[Turns Lifebar]...[Simul Lifebar]...[Powerbar]...
    [Face]...[Simul Face]...[Turns Face]...
    [Name]...[Simul Name]...[Turns Name]...
    [Time]...[Combo]...[Round]...[WinIcon]...OK
    Allocating explods...OK
  Fight data loaded OK
Lua initing
Lua init complete
System loaded OK
Initialize OK
Set up graphics...timer...OK

Entering gameflow loop
Gameflow 0
Gameflow 1
Gameflow 2
Initializing character info...OK
Initializing select screen...finding characters...OK
Gameflow 3
Gameflow 4
Entering mode select.
Unloading match assets
Freeing players
Game loop init
Mode select init
End of mode select loop
Game loop deinit
Gameflow 6
Reset persist vars team 0
Reset persist vars team 1
Char queen.def (3) request pal 8 1 (1) -> reserved 0 (0)
Char queen.def (3) request pal 1 1 (0) -> reserved 0 (0)
Gameflow 8
Gameflow 9
Gameflow 10
Gameflow 11
Loading match assets...
Loading stage...
  Loading BG...OK
Stage loaded OK
  Allocating helpers...OK
Match RNG seed: 1485436675
Reset persist vars team 0
Reset persist vars team 1
Loading character chars/queen/queen.def...
  Loading info...Info: Queen Cat loading in pre-1.0 compatible mode
OK
  Loading cmd command set queen.cmd...OK
  Loading cns queen.cns...OK
  Loading cmd state entry queen.cmd...OK
  Loading common states common1.cns...OK
  Loading sff queen.sff...OK
  Loading anim queen.air...OK
  Loading snd queen.snd...OK
  Loading pals...(1,1)OK
  SFF v1.01 palette hack engaged.
  1205 expressions (600 on trigger lines)
Character queen.def loaded OK
New char queen loaded into cache: (1/6 cached) Load time: 70.000ms
Player queen cache count increased: 2
Resetting round
Match assets initialized OK
Game loop init
Match loop init
End of match loop
Total time: 10.03s
Total frames: 601 	Skipped frames: 339
Avg game rate: 59.92
Avg frame rate: 26.12

Finishing match
Freeing players
Save persist vars P56 queen
Player queen cache count reduced: 1
Save persist vars P57 queen
Player queen cache count reduced: 0
Match RNG closed
Game loop deinit
Gameflow 3
Gameflow 4
Entering mode select.
Unloading match assets
Freeing players
Unloading stage...OK
Game loop init
Mode select init
End of mode select loop
Game loop deinit
Gameflow 6
Reset persist vars team 0
Reset persist vars team 1
Char queen.def (3) request pal 8 1 (0) -> reserved 0 (0)
Char drake.def (2) request pal 2 F (F) -> reserved 2 (B)
Gameflow 8
Gameflow 9
Gameflow 10
Gameflow 11
Loading match assets...
Loading stage...
  Loading BG...OK
Stage loaded OK
  Allocating helpers...OK
Match RNG seed: 1032821094
Reset persist vars team 0
Reset persist vars team 1
Player queen cache count increased: 1
Loading character chars/drake/drake.def...
  Loading info...OK
  Loading cmd command set drake.cmd...OK
  Loading cns drake.cns...OK
  Loading cmd state entry drake.cmd...OK
  Loading common states common1.cns...OK
  Loading sff drake.sff...OK
  Loading anim drake.air...OK
  Loading snd drake.snd...OK
  Loading pals...(1,1)(1,2)(1,3)(1,4)OK
  SFF v1.01 palette hack engaged.
  1201 expressions (598 on trigger lines)
Character drake.def loaded OK
New char drake loaded into cache: (2/6 cached) Load time: 140.000ms
Resetting round
Match assets initialized OK
Game loop init
Match loop init
End of match loop
Total time: 24.49s
Total frames: 1364 	Skipped frames: 553
Avg game rate: 55.70
Avg frame rate: 33.12

Finishing match
Freeing players
Save persist vars P56 queen
Player queen cache count reduced: 0
Save persist vars P57 drake
Player drake cache count reduced: 0
Match RNG closed
Game loop deinit
Gameflow 3
Gameflow 4
Entering mode select.
Unloading match assets
Freeing players
Unloading stage...OK
Game loop init
Mode select init
End of mode select loop
Game loop deinit
Gameflow 6
Reset persist vars team 0
Reset persist vars team 1
Char drake.def (2) request pal 3 F (B) -> reserved 3 (3)
Char queen.def (3) request pal 8 1 (0) -> reserved 0 (0)
Gameflow 8
Gameflow 9
Gameflow 10
Gameflow 11
Loading match assets...
Loading stage...
  Loading BG...OK
Stage loaded OK
  Allocating helpers...OK
Match RNG seed: 313036395
Reset persist vars team 0
Reset persist vars team 1
Player drake cache count increased: 1
Player queen cache count increased: 1
Resetting round
Match assets initialized OK
Game loop init
Match loop init
End of match loop
Total time: 9.39s
Total frames: 213 	Skipped frames: 113
Avg game rate: 22.68
Avg frame rate: 10.65

Finishing match
Freeing players
Save persist vars P56 drake
Player drake cache count reduced: 0
Save persist vars P57 queen
Player queen cache count reduced: 0
Match RNG closed
Game loop deinit
Gameflow 3
Gameflow 4
Entering mode select.
Unloading match assets
Freeing players
Unloading stage...OK
Game loop init
Mode select init
End of mode select loop
Game loop deinit
Gameflow 6
Reset persist vars team 0
Reset persist vars team 1
Char queen.def (3) request pal 4 1 (0) -> reserved 0 (0)
Char queen.def (3) request pal 7 1 (0) -> reserved 0 (0)
Gameflow 8
Gameflow 9
Gameflow 10
Gameflow 11
Loading match assets...
Loading stage...
  Loading BG...OK
Stage loaded OK
  Allocating helpers...OK
Match RNG seed: 260531651
Reset persist vars team 0
Reset persist vars team 1
Player queen cache count increased: 1
Player queen cache count increased: 2
Resetting round
Match assets initialized OK
Game loop init
Match loop init
End of match loop
Total time: 28.62s
Total frames: 1715 	Skipped frames: 671
Avg game rate: 59.92
Avg frame rate: 36.48

Finishing match
Freeing players
Save persist vars P56 queen
Player queen cache count reduced: 1
Save persist vars P57 queen
Player queen cache count reduced: 0
Match RNG closed
Game loop deinit
Gameflow 3
Gameflow 4
Entering mode select.
Unloading match assets
Freeing players
Unloading stage...OK
Game loop init
Mode select init
End of mode select loop
Game loop deinit
Gameflow 6
Reset persist vars team 0
Reset persist vars team 1
Char nora.def (1) request pal 10 F (F) -> reserved 0 (E)
Char queen.def (3) request pal 7 1 (0) -> reserved 0 (0)
Gameflow 8
Gameflow 9
Gameflow 10
Gameflow 11
Loading match assets...
Loading stage...
  Loading BG...OK
Stage loaded OK
  Allocating helpers...OK
Match RNG seed: 207693495
Reset persist vars team 0
Reset persist vars team 1
Loading character chars/nora/nora.def...
  Loading info...OK
  Loading cmd command set nora.cmd...OK
  Loading cns nora.cns...OK
  Loading cmd state entry nora.cmd...OK
  Loading common states common1.cns...OK
  Loading sff nora.sff...OK
  Loading anim nora.air...OK
  Loading snd nora.snd...OK
  Loading pals...(1,2)(1,3)(1,4)OK
  1201 expressions (598 on trigger lines)
Character nora.def loaded OK
New char nora loaded into cache: (3/6 cached) Load time: 60.000ms
Player queen cache count increased: 1
Resetting round
Match assets initialized OK
Game loop init
Match loop init
End of match loop
Total time: 28.62s
Total frames: 1715 	Skipped frames: 668
Avg game rate: 59.92
Avg frame rate: 36.58

Finishing match
Freeing players
Save persist vars P56 nora
Player nora cache count reduced: 0
Save persist vars P57 queen
Player queen cache count reduced: 0
Match RNG closed
Game loop deinit
Gameflow 3
Gameflow 4
Entering mode select.
Unloading match assets
Freeing players
Unloading stage...OK
Game loop init
Mode select init
End of mode select loop
Game loop deinit
Gameflow 6
Reset persist vars team 0
Reset persist vars team 1
Gameflow 7
Entering character select.
Unloading match assets
Freeing players
Game loop init
Unreserved all palettes
Charsel init
Selected char 3 on teamslot 0.0
Char queen.def (3) request pal 1 1 (1) -> reserved 0 (0)
End of charsel loop
Game loop deinit
Gameflow 8
Char mustafa.def (0) request pal 6 F (F) -> reserved 0 (E)
Gameflow 9
Gameflow 10
Entering versus screen.
Loading character chars/mustafa/mustafa.def...
  Loading info...OK
  Loading cmd command set mustafa.cmd...OK
  Loading cns mustafa.cns...Unloading match assets
Freeing players
Game loop init
Versus screen init
OK
  Loading cmd state entry mustafa.cmd...OK
  Loading common states common1.cns...OK
  Loading sff mustafa.sff...OK
  Loading anim mustafa.air...OK
  Loading snd mustafa.snd...OK
  Loading pals...(1,2)(1,3)(1,4)OK
  1201 expressions (598 on trigger lines)
Character mustafa.def loaded OK
New char mustafa loaded into cache: (4/6 cached) Load time: 70.000ms
Player mustafa cache count reduced: 0
End of versus screen loop
Game loop deinit
Gameflow 11
Loading match assets...
Loading stage...
  Loading BG...OK
Stage loaded OK
  Allocating helpers...OK
Match RNG seed: 459579559
Reset persist vars team 1
Player queen cache count increased: 1
Player mustafa cache count increased: 1
Resetting round
Match assets initialized OK
Game loop init
Match loop init
Resetting round
End of match loop
Total time: 56.82s
Total frames: 3403 	Skipped frames: 1951
Avg game rate: 59.89
Avg frame rate: 25.55

Finishing match
Freeing players
Save persist vars P56 queen
Player queen cache count reduced: 0
Save persist vars P57 mustafa
Player mustafa cache count reduced: 0
Match RNG closed
Game loop deinit
Gameflow 12
Entering victory screen.
Unloading match assets
Freeing players
Unloading stage...OK
Game loop init
Victory screen init
End of victory screen loop
Game loop deinit
Gameflow 8
Char mustafa.def (0) unreserve pal 0 F E -> F
Char nora.def (1) request pal 10 F (F) -> reserved 0 (E)
Gameflow 9
Gameflow 10
Entering versus screen.
Unloading match assets
Freeing players
Game loop init
Versus screen init
End of versus screen loop
Game loop deinit
Gameflow 11
Loading match assets...
Loading stage...
  Loading BG...OK
Stage loaded OK
  Allocating helpers...OK
Match RNG seed: 1149191477
Reset persist vars team 1
Player queen cache count increased: 1
Player nora cache count increased: 1
Resetting round
Match assets initialized OK
Game loop init
Match loop init
Resetting round
End of match loop
Total time: 54.43s
Total frames: 3260 	Skipped frames: 1352
Avg game rate: 59.89
Avg frame rate: 35.05

Finishing match
Freeing players
Save persist vars P56 queen
Player queen cache count reduced: 0
Save persist vars P57 nora
Player nora cache count reduced: 0
Match RNG closed
Game loop deinit
Gameflow 12
Entering victory screen.
Unloading match assets
Freeing players
Unloading stage...OK
Game loop init
Victory screen init
End of victory screen loop
Game loop deinit
Gameflow 8
Char nora.def (1) unreserve pal 0 F E -> F
Char drake.def (2) request pal 5 F (F) -> reserved 0 (E)
Gameflow 9
Gameflow 10
Entering versus screen.
Unloading match assets
Freeing players
Game loop init
Versus screen init
End of versus screen loop
Game loop deinit
Gameflow 11
Loading match assets...
Loading stage...
  Loading BG...OK
Stage loaded OK
  Allocating helpers...OK
Match RNG seed: 1945664237
Reset persist vars team 1
Player queen cache count increased: 1
Player drake cache count increased: 1
Resetting round
Match assets initialized OK
Game loop init
Match loop init
Resetting round
End of match loop
Total time: 52.27s
Total frames: 3130 	Skipped frames: 1292
Avg game rate: 59.88
Avg frame rate: 35.16

Finishing match
Freeing players
Save persist vars P56 queen
Player queen cache count reduced: 0
Save persist vars P57 drake
Player drake cache count reduced: 0
Match RNG closed
Game loop deinit
Gameflow 16
Entering win screen.
Loading match assets...
Stage already loaded: stages/amageddon.def
  Allocating helpers...OK
Match RNG seed: 1045321584
Reset persist vars team 1
Player queen cache count increased: 1
Player drake cache count increased: 1
Resetting round
Match assets initialized OK
Game loop init
Win screen init
End of win screen loop
Finishing match
Freeing players
Save persist vars P56 queen
Player queen cache count reduced: 0
Save persist vars P57 drake
Player drake cache count reduced: 0
Match RNG closed
Game loop deinit
Gameflow 17
Gameflow 19
Gameflow 3
Gameflow 4
Entering mode select.
Unloading match assets
Freeing players
Unloading stage...OK
Game loop init
Mode select init
End of mode select loop
Game loop deinit
Gameflow 6
Reset persist vars team 0
Reset persist vars team 1
Gameflow 7
Entering character select.
Unloading match assets
Freeing players
Game loop init
Unreserved all palettes
Charsel init
Selected char 3 on teamslot 0.0
Char queen.def (3) request pal 2 1 (1) -> reserved 0 (0)
Char drake.def (2) request pal 11 F (F) -> reserved 0 (E)
Char drake.def (2) request pal 11 F (E) -> reserved 1 (C)
End of charsel loop
Game loop deinit
Gameflow 8
Gameflow 9
Gameflow 10
Entering versus screen.
Unloading match assets
Freeing players
Game loop init
Versus screen init
End of versus screen loop
Game loop deinit
Gameflow 11
Loading match assets...
Loading stage...
  Loading BG...OK
Stage loaded OK
  Allocating helpers...OK
Match RNG seed: 2109313314
Reset persist vars team 0
Reset persist vars team 1
Player queen cache count increased: 1
Player drake cache count increased: 1
Resetting round
Match assets initialized OK
Game loop init
Match loop init
Save persist vars P57 drake
Player drake cache count reduced: 0
Player drake cache count increased: 1
Match RNG closed
Char drake.def (2) unreserve pal 0 F C -> D
Char queen.def (3) request pal 4 1 (0) -> reserved 0 (0)
Match RNG seed: 1030014695
Resetting round
End of match loop
Total time: 122.00s
Total frames: 7296 	Skipped frames: 3134
Avg game rate: 59.80
Avg frame rate: 34.11

Finishing match
Freeing players
Save persist vars P56 queen
Player queen cache count reduced: 0
Save persist vars P58 drake
Player drake cache count reduced: 0
Match RNG closed
Game loop deinit
Gameflow 6
Reset persist vars team 0
Reset persist vars team 1
Gameflow 7
Entering character select.
Unloading match assets
Freeing players
Unloading stage...OK
Game loop init
Unreserved all palettes
Charsel init
Game loop deinit
Canceled character select.
Gameflow 4
Entering mode select.
Unloading match assets
Freeing players
Game loop init
Mode select init
End of mode select loop
Game loop deinit
Gameflow 6
Reset persist vars team 0
Reset persist vars team 1
Gameflow 7
Entering character select.
Unloading match assets
Freeing players
Game loop init
Unreserved all palettes
Charsel init
Selected char 1 on teamslot 0.0
Char nora.def (1) request pal 3 F (F) -> reserved 3 (7)
Game loop deinit
Canceled character select.
Gameflow 4
Entering mode select.
Unloading match assets
Freeing players
Game loop init
Mode select init
End of mode select loop
Game loop deinit
Gameflow 6
Reset persist vars team 0
Reset persist vars team 1
Gameflow 7
Entering character select.
Unloading match assets
Freeing players
Game loop init
Unreserved all palettes
Charsel init
Selected char 1 on teamslot 0.0
Char nora.def (1) request pal 3 F (F) -> reserved 3 (7)
Selected char 0 on teamslot 1.0
Char mustafa.def (0) request pal 3 F (F) -> reserved 3 (7)
End of charsel loop
Game loop deinit
Gameflow 8
Gameflow 9
Gameflow 10
Entering versus screen.
Unloading match assets
Freeing players
Game loop init
Versus screen init
End of versus screen loop
Game loop deinit
Gameflow 11
Loading match assets...
Loading stage...
  Loading BG...OK
Stage loaded OK
  Allocating helpers...OK
Match RNG seed: 1296479269
Reset persist vars team 0
Reset persist vars team 1
Player nora cache count increased: 1
Player mustafa cache count increased: 1
Resetting round
Match assets initialized OK
Game loop init
Match loop init
End of match loop
Total time: 1.24s
Total frames: 73 	Skipped frames: 29
Avg game rate: 58.87
Avg frame rate: 35.48

Finishing match
Freeing players
Save persist vars P56 nora
Player nora cache count reduced: 0
Save persist vars P57 mustafa
Player mustafa cache count reduced: 0
Match RNG closed
Game loop deinit
Gameflow 6
Reset persist vars team 0
Reset persist vars team 1
Gameflow 7
Entering character select.
Unloading match assets
Freeing players
Unloading stage...OK
Game loop init
Unreserved all palettes
Charsel init
Selected char 1 on teamslot 0.0
Char nora.def (1) request pal 3 F (F) -> reserved 3 (7)
Selected char 2 on teamslot 1.0
Char drake.def (2) request pal 3 F (F) -> reserved 3 (7)
End of charsel loop
Game loop deinit
Gameflow 8
Gameflow 9
Gameflow 10
Entering versus screen.
Unloading match assets
Freeing players
Game loop init
Versus screen init
End of versus screen loop
Game loop deinit
Gameflow 11
Loading match assets...
Loading stage...
  Loading BG...OK
Stage loaded OK
  Allocating helpers...OK
Match RNG seed: 1557974815
Reset persist vars team 0
Reset persist vars team 1
Player nora cache count increased: 1
Player drake cache count increased: 1
Resetting round
Match assets initialized OK
Game loop init
Match loop init
End of match loop
Total time: 26.09s
Total frames: 1564 	Skipped frames: 901
Avg game rate: 59.95
Avg frame rate: 25.41

Finishing match
Freeing players
Save persist vars P56 nora
Player nora cache count reduced: 0
Save persist vars P57 drake
Player drake cache count reduced: 0
Match RNG closed
Game loop deinit
Gameflow 6
Reset persist vars team 0
Reset persist vars team 1
Gameflow 7
Entering character select.
Unloading match assets
Freeing players
Unloading stage...OK
Game loop init
Unreserved all palettes
Charsel init
Game loop deinit
Canceled character select.
Gameflow 4
Entering mode select.
Unloading match assets
Freeing players
Game loop init
Mode select init
End of mode select loop
Game loop deinit
Gameflow 5
Entering options screen.
Unloading match assets
Freeing players
Game loop init
Options screen init
End of options screen loop
Game loop deinit
Gameflow 4
Entering mode select.
Unloading match assets
Freeing players
Game loop init
Mode select init
End of mode select loop
Game loop deinit
Returned from gameflow loop
Deinitializing...
Frames      : 36654
Time elapsed: 645.990 sec
ticks: 64599, tps: 100, start 265, end 64864

Unloading match assets
Freeing players
Clearing player cache...Freeing player RC mustafa...CMD...CNS...SFF...AIR...SND...Misc...OK
Freeing player RC nora...CMD...CNS...SFF...AIR...SND...Misc...OK
Freeing player RC drake...CMD...CNS...SFF...AIR...SND...Misc...OK
Freeing player RC queen...CMD...CNS...SFF...AIR...SND...Misc...OK
OK
Freeing character info...OK
Freeing select screen...OK
Freeing fight data...OK
Freeing system data...OK
Freeing game variables...Unloading match assets
Freeing players
OK
Deinitializing input...pad...keyboard...OK
Removing callbacks...OK
Deintializing timer...OK
Deinitializing graphics...OK
Deinitializing BGM...OK
Deinitializing sound...OK
Successful program termination.

Log file successfully closed.
